<?xml version="1.0" encoding="UTF-8"?>
<!-- Generated by org.testng.reporters.JUnitReportReporter -->
<testsuite skipped="0" hostname="SiddhantSingh" name="GoogleTest" tests="1" failures="0" timestamp="25 Jan 2021 10:08:32 GMT" time="6.751" errors="0">
  <testcase name="googleTest" time="6.751" classname="GoogleTest"/>
</testsuite> <!-- GoogleTest -->
